Using pre-set license
Built from '2022.3/staging' branch; Version is '2022.3.46f1 (8e9b8558c41a) revision 9345925'; Using compiler version '192829333'; Build Type 'Release'
OS: 'Windows 10  (10.0.19045) 64bit Professional' Language: 'es' Physical Memory: 16004 MB
BatchMode: 1, IsHumanControllingUs: 0, StartBugReporterOnCrash: 0, Is64bit: 1, IsPro: 1

COMMAND LINE ARGUMENTS:
C:\Program Files\Unity\Hub\Editor\2022.3.46f1\Editor\Unity.exe
-adb2
-batchMode
-noUpm
-name
AssetImportWorker0
-projectPath
C:/Users/CC11-2024.CC11-PC24-SD24/Desktop/Tony-Practicas/Unity/Practicas_Unity
-logFile
Logs/AssetImportWorker0.log
-srvPort
50656
Successfully changed project path to: C:/Users/CC11-2024.CC11-PC24-SD24/Desktop/Tony-Practicas/Unity/Practicas_Unity
C:/Users/CC11-2024.CC11-PC24-SD24/Desktop/Tony-Practicas/Unity/Practicas_Unity
[UnityMemory] Configuration Parameters - Can be set up in boot.config
    "memorysetup-bucket-allocator-granularity=16"
    "memorysetup-bucket-allocator-bucket-count=8"
    "memorysetup-bucket-allocator-block-size=33554432"
    "memorysetup-bucket-allocator-block-count=8"
    "memorysetup-main-allocator-block-size=16777216"
    "memorysetup-thread-allocator-block-size=16777216"
    "memorysetup-gfx-main-allocator-block-size=16777216"
    "memorysetup-gfx-thread-allocator-block-size=16777216"
    "memorysetup-cache-allocator-block-size=4194304"
    "memorysetup-typetree-allocator-block-size=2097152"
    "memorysetup-profiler-bucket-allocator-granularity=16"
    "memorysetup-profiler-bucket-allocator-bucket-count=8"
    "memorysetup-profiler-bucket-allocator-block-size=33554432"
    "memorysetup-profiler-bucket-allocator-block-count=8"
    "memorysetup-profiler-allocator-block-size=16777216"
    "memorysetup-profiler-editor-allocator-block-size=1048576"
    "memorysetup-temp-allocator-size-main=16777216"
    "memorysetup-job-temp-allocator-block-size=2097152"
    "memorysetup-job-temp-allocator-block-size-background=1048576"
    "memorysetup-job-temp-allocator-reduction-small-platforms=262144"
    "memorysetup-allocator-temp-initial-block-size-main=262144"
    "memorysetup-allocator-temp-initial-block-size-worker=262144"
    "memorysetup-temp-allocator-size-background-worker=32768"
    "memorysetup-temp-allocator-size-job-worker=262144"
    "memorysetup-temp-allocator-size-preload-manager=33554432"
    "memorysetup-temp-allocator-size-nav-mesh-worker=65536"
    "memorysetup-temp-allocator-size-audio-worker=65536"
    "memorysetup-temp-allocator-size-cloud-worker=32768"
    "memorysetup-temp-allocator-size-gi-baking-worker=262144"
    "memorysetup-temp-allocator-size-gfx=262144"
Player connection [11124]  Target information:

Player connection [11124]  * "[IP] 192.168.70.60 [Port] 0 [Flags] 2 [Guid] 518677419 [EditorId] 518677419 [Version] 1048832 [Id] WindowsEditor(7,CC11-PC20-SD24) [Debug] 1 [PackageName] WindowsEditor [ProjectName] Editor" 

Player connection [11124] Host joined multi-casting on [225.0.0.222:54997]...
Player connection [11124] Host joined alternative multi-casting on [225.0.0.222:34997]...
[PhysX] Initialized MultithreadedTaskDispatcher with 24 workers.
Refreshing native plugins compatible for Editor in 16.74 ms, found 3 plugins.
Preloading 0 native plugins for Editor in 0.00 ms.
Initialize engine version: 2022.3.46f1 (8e9b8558c41a)
[Subsystems] Discovering subsystems at path C:/Program Files/Unity/Hub/Editor/2022.3.46f1/Editor/Data/Resources/UnitySubsystems
[Subsystems] Discovering subsystems at path C:/Users/CC11-2024.CC11-PC24-SD24/Desktop/Tony-Practicas/Unity/Practicas_Unity/Assets
GfxDevice: creating device client; threaded=0; jobified=0
Direct3D:
    Version:  Direct3D 11.0 [level 11.1]
    Renderer: AMD Radeon RX 6400 (ID=0x743f)
    Vendor:   ATI
    VRAM:     4051 MB
    Driver:   30.0.14030.4003
Initialize mono
Mono path[0] = 'C:/Program Files/Unity/Hub/Editor/2022.3.46f1/Editor/Data/Managed'
Mono path[1] = 'C:/Program Files/Unity/Hub/Editor/2022.3.46f1/Editor/Data/MonoBleedingEdge/lib/mono/unityjit-win32'
Mono config path = 'C:/Program Files/Unity/Hub/Editor/2022.3.46f1/Editor/Data/MonoBleedingEdge/etc'
Using monoOptions --debugger-agent=transport=dt_socket,embedding=1,server=y,suspend=n,address=127.0.0.1:56960
Begin MonoManager ReloadAssembly
Registering precompiled unity dll's ...
Register platform support module: C:/Program Files/Unity/Hub/Editor/2022.3.46f1/Editor/Data/PlaybackEngines/WindowsStandaloneSupport/UnityEditor.WindowsStandalone.Extensions.dll
Registered in 0.008226 seconds.
- Loaded All Assemblies, in  0.309 seconds
Native extension for WindowsStandalone target not found
Mono: successfully reloaded assembly
- Finished resetting the current domain, in  0.232 seconds
Domain Reload Profiling: 540ms
	BeginReloadAssembly (97ms)
		ExecutionOrderSort (0ms)
		DisableScriptedObjects (0ms)
		BackupInstance (0ms)
		ReleaseScriptingObjects (0ms)
		CreateAndSetChildDomain (1ms)
	RebuildCommonClasses (29ms)
	RebuildNativeTypeToScriptingClass (10ms)
	initialDomainReloadingComplete (56ms)
	LoadAllAssembliesAndSetupDomain (116ms)
		LoadAssemblies (94ms)
		RebuildTransferFunctionScriptingTraits (0ms)
		AnalyzeDomain (114ms)
			TypeCache.Refresh (113ms)
				TypeCache.ScanAssembly (101ms)
			ScanForSourceGeneratedMonoScriptInfo (0ms)
			ResolveRequiredComponents (0ms)
	FinalizeReload (232ms)
		ReleaseScriptCaches (0ms)
		RebuildScriptCaches (0ms)
		SetupLoadedEditorAssemblies (190ms)
			LogAssemblyErrors (0ms)
			InitializePlatformSupportModulesInManaged (9ms)
			SetLoadedEditorAssemblies (7ms)
			RefreshPlugins (0ms)
			BeforeProcessingInitializeOnLoad (2ms)
			ProcessInitializeOnLoadAttributes (131ms)
			ProcessInitializeOnLoadMethodAttributes (42ms)
			AfterProcessingInitializeOnLoad (0ms)
			EditorAssembliesLoaded (0ms)
		ExecutionOrderSort2 (0ms)
		AwakeInstancesAfterBackupRestoration (0ms)
========================================================================
Worker process is ready to serve import requests
Caller must complete domain reload
Begin MonoManager ReloadAssembly
Symbol file LoadedFromMemory is not a mono symbol file
- Loaded All Assemblies, in  0.720 seconds
Native extension for WindowsStandalone target not found
Package Manager log level set to [2]
[Package Manager] Server::EnsureServerProcessIsRunning -- launch failed, reason: Unity was launched with the -noUpm command-line argument
[Package Manager] UpmClient::Send -- Unable to send message (not connected to UPM process).
[Package Manager] Cannot connect to Unity Package Manager local server
Mono: successfully reloaded assembly
- Finished resetting the current domain, in  0.779 seconds
Domain Reload Profiling: 1494ms
	BeginReloadAssembly (128ms)
		ExecutionOrderSort (0ms)
		DisableScriptedObjects (5ms)
		BackupInstance (0ms)
		ReleaseScriptingObjects (0ms)
		CreateAndSetChildDomain (19ms)
	RebuildCommonClasses (28ms)
	RebuildNativeTypeToScriptingClass (10ms)
	initialDomainReloadingComplete (41ms)
	LoadAllAssembliesAndSetupDomain (508ms)
		LoadAssemblies (354ms)
		RebuildTransferFunctionScriptingTraits (0ms)
		AnalyzeDomain (225ms)
			TypeCache.Refresh (182ms)
				TypeCache.ScanAssembly (159ms)
			ScanForSourceGeneratedMonoScriptInfo (31ms)
			ResolveRequiredComponents (11ms)
	FinalizeReload (779ms)
		ReleaseScriptCaches (0ms)
		RebuildScriptCaches (0ms)
		SetupLoadedEditorAssemblies (627ms)
			LogAssemblyErrors (0ms)
			InitializePlatformSupportModulesInManaged (6ms)
			SetLoadedEditorAssemblies (3ms)
			RefreshPlugins (0ms)
			BeforeProcessingInitializeOnLoad (82ms)
			ProcessInitializeOnLoadAttributes (356ms)
			ProcessInitializeOnLoadMethodAttributes (173ms)
			AfterProcessingInitializeOnLoad (7ms)
			EditorAssembliesLoaded (0ms)
		ExecutionOrderSort2 (0ms)
		AwakeInstancesAfterBackupRestoration (5ms)
Launched and connected shader compiler UnityShaderCompiler.exe after 0.03 seconds
Refreshing native plugins compatible for Editor in 9.78 ms, found 3 plugins.
Preloading 0 native plugins for Editor in 0.00 ms.
Unloading 6651 Unused Serialized files (Serialized files now loaded: 0)
Unloading 47 unused Assets / (422.9 KB). Loaded Objects now: 7123.
Memory consumption went from 256.6 MB to 256.2 MB.
Total: 7.357300 ms (FindLiveObjects: 0.480800 ms CreateObjectMapping: 0.158500 ms MarkObjects: 6.465900 ms  DeleteObjects: 0.251200 ms)

AssetImportParameters requested are different than current active one (requested -> active):
  custom:container-demuxer-ogg: 62fdf1f143b41e24485cea50d1cbac27 -> 
  custom:framework-win-MediaFoundation: 216162199b28c13a410421893ffa2e32 -> 
  custom:container-muxer-webm: aa71ff27fc2769a1b78a27578f13a17b -> 
  custom:video-decoder-webm-vp8: 9c59270c3fd7afecdb556c50c9e8de78 -> 
  custom:SearchIndexIgnoredProperties: e643bd26f0fe6173181afceb89e7c659 -> 
  custom:AudioImporter_EditorPlatform: d09bf68614088b80899f8185d706f6e7 -> 
  custom:audio-decoder-ogg-vorbis: bf7c407c2cedff20999df2af8eb42d56 -> 
  custom:audio-encoder-webm-vorbis: bf7c407c2cedff20999df2af8eb42d56 -> 
  custom:video-decoder-ogg-theora: a1e56fd34408186e4bbccfd4996cb3dc -> 
  custom:CustomObjectIndexerAttribute: 72b91833f83ae208fae7752999fa3104 -> 
  custom:container-demuxer-webm: 4f35f7cbe854078d1ac9338744f61a02 -> 
  custom:video-encoder-webm-vp8: eb34c28f22e8b96e1ab97ce403110664 -> 
========================================================================
Received Import Request.
  Time since last request: 2245.343438 seconds.
  path: Assets/TextMesh Pro
  artifactKey: Guid(f54d1bd14bd3ca042bd867b519fee8cc) Importer(815301076,1909f56bfc062723c751e8b465ee728b)
Start importing Assets/TextMesh Pro using Guid(f54d1bd14bd3ca042bd867b519fee8cc) Importer(815301076,1909f56bfc062723c751e8b465ee728b) [PhysX] Initialized MultithreadedTaskDispatcher with 24 workers.
 -> (artifact id: 'dd6ad478d9966b0e483c01b5bd727387') in 0.002101 seconds
Number of updated asset objects reloaded before import = 0
Number of asset objects unloaded after import = 0
========================================================================
Received Import Request.
  Time since last request: 3.453566 seconds.
  path: Assets/TextMesh Pro/Sprites
  artifactKey: Guid(d0603b6d5186471b96c778c3949c7ce2) Importer(815301076,1909f56bfc062723c751e8b465ee728b)
Start importing Assets/TextMesh Pro/Sprites using Guid(d0603b6d5186471b96c778c3949c7ce2) Importer(815301076,1909f56bfc062723c751e8b465ee728b) [PhysX] Initialized MultithreadedTaskDispatcher with 24 workers.
 -> (artifact id: '4efdb37c6eb1b7bda5571a62901eb1ba') in 0.009730 seconds
Number of updated asset objects reloaded before import = 0
Number of asset objects unloaded after import = 0
========================================================================
Received Import Request.
  Time since last request: 7.552431 seconds.
  path: Assets/Texture
  artifactKey: Guid(344a9a160971ddc40909d3e6e789284e) Importer(815301076,1909f56bfc062723c751e8b465ee728b)
Start importing Assets/Texture using Guid(344a9a160971ddc40909d3e6e789284e) Importer(815301076,1909f56bfc062723c751e8b465ee728b) [PhysX] Initialized MultithreadedTaskDispatcher with 24 workers.
 -> (artifact id: 'f26818d554d8c6e611814983221bc18b') in 0.000425 seconds
Number of updated asset objects reloaded before import = 0
Number of asset objects unloaded after import = 0
========================================================================
Received Import Request.
  Time since last request: 69.480389 seconds.
  path: Packages/com.unity.render-pipelines.universal/Shaders/Terrain/TerrainLit.shader
  artifactKey: Guid(69c1f799e772cb6438f56c23efccb782) Importer(815301076,1909f56bfc062723c751e8b465ee728b)
Start importing Packages/com.unity.render-pipelines.universal/Shaders/Terrain/TerrainLit.shader using Guid(69c1f799e772cb6438f56c23efccb782) Importer(815301076,1909f56bfc062723c751e8b465ee728b) [PhysX] Initialized MultithreadedTaskDispatcher with 24 workers.
 -> (artifact id: '8d0c93e11db4944211ce9d25fac21969') in 0.011290 seconds
Number of updated asset objects reloaded before import = 0
Number of asset objects unloaded after import = 0
========================================================================
Received Import Request.
  Time since last request: 22.011801 seconds.
  path: Assets/Texture/grass 2.jpg
  artifactKey: Guid(02273867da691e246b86ec585eabeca1) Importer(815301076,1909f56bfc062723c751e8b465ee728b)
Start importing Assets/Texture/grass 2.jpg using Guid(02273867da691e246b86ec585eabeca1) Importer(815301076,1909f56bfc062723c751e8b465ee728b) [PhysX] Initialized MultithreadedTaskDispatcher with 24 workers.
[PhysX] Initialized MultithreadedTaskDispatcher with 24 workers.
 -> (artifact id: '42d80bcb81a256aa78958dad07f330d4') in 0.048943 seconds
Number of updated asset objects reloaded before import = 0
Number of asset objects unloaded after import = 2
========================================================================
Received Import Request.
  Time since last request: 15.154449 seconds.
  path: Assets/Texture/dirt.jpg
  artifactKey: Guid(100d8cf734c94dc4c8997e46dda0eabc) Importer(815301076,1909f56bfc062723c751e8b465ee728b)
Start importing Assets/Texture/dirt.jpg using Guid(100d8cf734c94dc4c8997e46dda0eabc) Importer(815301076,1909f56bfc062723c751e8b465ee728b) [PhysX] Initialized MultithreadedTaskDispatcher with 24 workers.
[PhysX] Initialized MultithreadedTaskDispatcher with 24 workers.
 -> (artifact id: '9ba3e2e8e54a93ce4ac26075d6b36cd3') in 0.007361 seconds
Number of updated asset objects reloaded before import = 0
Number of asset objects unloaded after import = 2
========================================================================
Received Import Request.
  Time since last request: 230.901994 seconds.
  path: Assets/Texture/dirt 2.jpg
  artifactKey: Guid(24f370150b28f244db5431bbda7391f8) Importer(815301076,1909f56bfc062723c751e8b465ee728b)
Start importing Assets/Texture/dirt 2.jpg using Guid(24f370150b28f244db5431bbda7391f8) Importer(815301076,1909f56bfc062723c751e8b465ee728b) [PhysX] Initialized MultithreadedTaskDispatcher with 24 workers.
[PhysX] Initialized MultithreadedTaskDispatcher with 24 workers.
 -> (artifact id: 'b2be36c44cdb49d5f960ff494b35fc14') in 0.019712 seconds
Number of updated asset objects reloaded before import = 0
Number of asset objects unloaded after import = 2
========================================================================
Received Import Request.
  Time since last request: 127.251939 seconds.
  path: Assets/PolygonTown
  artifactKey: Guid(9bfa84a0fb899c94eab3bcd532ef4354) Importer(815301076,1909f56bfc062723c751e8b465ee728b)
Start importing Assets/PolygonTown using Guid(9bfa84a0fb899c94eab3bcd532ef4354) Importer(815301076,1909f56bfc062723c751e8b465ee728b) [PhysX] Initialized MultithreadedTaskDispatcher with 24 workers.
 -> (artifact id: 'c9978910be7daf97fbc9bdd842a98d1c') in 0.000577 seconds
Number of updated asset objects reloaded before import = 0
Number of asset objects unloaded after import = 0
========================================================================
Received Import Request.
  Time since last request: 5.592913 seconds.
  path: Assets/PolygonTown/Prefabs
  artifactKey: Guid(57b154249f441ff4389b35ed0b526172) Importer(815301076,1909f56bfc062723c751e8b465ee728b)
Start importing Assets/PolygonTown/Prefabs using Guid(57b154249f441ff4389b35ed0b526172) Importer(815301076,1909f56bfc062723c751e8b465ee728b) [PhysX] Initialized MultithreadedTaskDispatcher with 24 workers.
 -> (artifact id: '0df3f3d6548fb08b649708ead057df8f') in 0.000442 seconds
Number of updated asset objects reloaded before import = 0
Number of asset objects unloaded after import = 0
========================================================================
Received Import Request.
  Time since last request: 1.239186 seconds.
  path: Assets/PolygonTown/Prefabs/Environment
  artifactKey: Guid(ced91ef1750a9724ea65bdde53a7d2b9) Importer(815301076,1909f56bfc062723c751e8b465ee728b)
Start importing Assets/PolygonTown/Prefabs/Environment using Guid(ced91ef1750a9724ea65bdde53a7d2b9) Importer(815301076,1909f56bfc062723c751e8b465ee728b) [PhysX] Initialized MultithreadedTaskDispatcher with 24 workers.
 -> (artifact id: '2c1e0263c3353a26049f9cba5396ba5b') in 0.000450 seconds
Number of updated asset objects reloaded before import = 0
Number of asset objects unloaded after import = 0
========================================================================
Received Import Request.
  Time since last request: 6.922595 seconds.
  path: Assets/PolygonTown/Models/Environment/SM_Env_Tree_Pine_01.fbx
  artifactKey: Guid(4fbed16c575bf0c43b0256df1e15b9a3) Importer(815301076,1909f56bfc062723c751e8b465ee728b)
Start importing Assets/PolygonTown/Models/Environment/SM_Env_Tree_Pine_01.fbx using Guid(4fbed16c575bf0c43b0256df1e15b9a3) Importer(815301076,1909f56bfc062723c751e8b465ee728b) [PhysX] Initialized MultithreadedTaskDispatcher with 24 workers.
[PhysX] Initialized MultithreadedTaskDispatcher with 24 workers.
[PhysX] Initialized MultithreadedTaskDispatcher with 24 workers.
 -> (artifact id: '67eb36a29ddf23406cdb4ef247534924') in 0.250859 seconds
Number of updated asset objects reloaded before import = 0
Number of asset objects unloaded after import = 26
========================================================================
Received Import Request.
  Time since last request: 3.945170 seconds.
  path: Assets/PolygonTown/Prefabs/Environment/SM_Env_Tree_Pine_01.prefab
  artifactKey: Guid(4f1d7c24a365d0d49a6bb1ea5a847c32) Importer(815301076,1909f56bfc062723c751e8b465ee728b)
Start importing Assets/PolygonTown/Prefabs/Environment/SM_Env_Tree_Pine_01.prefab using Guid(4f1d7c24a365d0d49a6bb1ea5a847c32) Importer(815301076,1909f56bfc062723c751e8b465ee728b) [PhysX] Initialized MultithreadedTaskDispatcher with 24 workers.
[PhysX] Initialized MultithreadedTaskDispatcher with 24 workers.
 -> (artifact id: 'dd6e149ef8afd21900055a446e641db4') in 0.064249 seconds
Number of updated asset objects reloaded before import = 0
Number of asset objects unloaded after import = 17
========================================================================
Received Import Request.
  Time since last request: 25.888656 seconds.
  path: Assets/PolygonTown/Materials
  artifactKey: Guid(2d691d7245b3aa24b97a9684d1a50e84) Importer(815301076,1909f56bfc062723c751e8b465ee728b)
Start importing Assets/PolygonTown/Materials using Guid(2d691d7245b3aa24b97a9684d1a50e84) Importer(815301076,1909f56bfc062723c751e8b465ee728b) [PhysX] Initialized MultithreadedTaskDispatcher with 24 workers.
 -> (artifact id: '40d309f8ec3204bca020f8d4e123a317') in 0.000462 seconds
Number of updated asset objects reloaded before import = 0
Number of asset objects unloaded after import = 0
========================================================================
Received Import Request.
  Time since last request: 14.591487 seconds.
  path: Assets/PolygonTown/Materials/Misc
  artifactKey: Guid(1c159fc20b648844391af4711c6fdcb4) Importer(815301076,1909f56bfc062723c751e8b465ee728b)
Start importing Assets/PolygonTown/Materials/Misc using Guid(1c159fc20b648844391af4711c6fdcb4) Importer(815301076,1909f56bfc062723c751e8b465ee728b) [PhysX] Initialized MultithreadedTaskDispatcher with 24 workers.
 -> (artifact id: '3b2501f69eb704709da6569093ca9ecd') in 0.000481 seconds
Number of updated asset objects reloaded before import = 0
Number of asset objects unloaded after import = 0
========================================================================
Received Import Request.
  Time since last request: 3.993808 seconds.
  path: Assets/PolygonTown/Materials/Misc/Base_Glass.mat
  artifactKey: Guid(a42d40093a06b634cb49e6bfda441946) Importer(815301076,1909f56bfc062723c751e8b465ee728b)
Start importing Assets/PolygonTown/Materials/Misc/Base_Glass.mat using Guid(a42d40093a06b634cb49e6bfda441946) Importer(815301076,1909f56bfc062723c751e8b465ee728b) [PhysX] Initialized MultithreadedTaskDispatcher with 24 workers.
[PhysX] Initialized MultithreadedTaskDispatcher with 24 workers.
 -> (artifact id: '8eae9b3781dece29a7c3836445be6682') in 0.042615 seconds
Number of updated asset objects reloaded before import = 0
Number of asset objects unloaded after import = 3
========================================================================
Received Import Request.
  Time since last request: 0.000017 seconds.
  path: Assets/PolygonTown/Materials/Misc/Mirror.mat
  artifactKey: Guid(aa5e7a5e08c7e494dab9084185cc7fe8) Importer(815301076,1909f56bfc062723c751e8b465ee728b)
Start importing Assets/PolygonTown/Materials/Misc/Mirror.mat using Guid(aa5e7a5e08c7e494dab9084185cc7fe8) Importer(815301076,1909f56bfc062723c751e8b465ee728b) [PhysX] Initialized MultithreadedTaskDispatcher with 24 workers.
[PhysX] Initialized MultithreadedTaskDispatcher with 24 workers.
 -> (artifact id: 'd443c4794e57209c48173b8fe52e6c8c') in 0.012035 seconds
Number of updated asset objects reloaded before import = 0
Number of asset objects unloaded after import = 2
========================================================================
Received Import Request.
  Time since last request: 0.000017 seconds.
  path: Assets/PolygonTown/Materials/Misc/Window_Glass_Opaque.mat
  artifactKey: Guid(e8939000b8bc72f4aa21b4c261d794db) Importer(815301076,1909f56bfc062723c751e8b465ee728b)
Start importing Assets/PolygonTown/Materials/Misc/Window_Glass_Opaque.mat using Guid(e8939000b8bc72f4aa21b4c261d794db) Importer(815301076,1909f56bfc062723c751e8b465ee728b) [PhysX] Initialized MultithreadedTaskDispatcher with 24 workers.
[PhysX] Initialized MultithreadedTaskDispatcher with 24 workers.
 -> (artifact id: 'be5e833a7a146d13af14feeefd396e72') in 0.013632 seconds
Number of updated asset objects reloaded before import = 0
Number of asset objects unloaded after import = 4
========================================================================
Received Import Request.
  Time since last request: 0.000021 seconds.
  path: Assets/PolygonTown/Materials/Misc/Water.mat
  artifactKey: Guid(46ea0fb1c8d02e84e83859a62e32fe9c) Importer(815301076,1909f56bfc062723c751e8b465ee728b)
Start importing Assets/PolygonTown/Materials/Misc/Water.mat using Guid(46ea0fb1c8d02e84e83859a62e32fe9c) Importer(815301076,1909f56bfc062723c751e8b465ee728b) [PhysX] Initialized MultithreadedTaskDispatcher with 24 workers.
[PhysX] Initialized MultithreadedTaskDispatcher with 24 workers.
 -> (artifact id: 'dfb8014aa22d5a4bfacf1abbb74f1652') in 0.006301 seconds
Number of updated asset objects reloaded before import = 0
Number of asset objects unloaded after import = 2
========================================================================
Received Import Request.
  Time since last request: 0.000024 seconds.
  path: Assets/PolygonTown/Materials/Misc/Mirror_Glass.mat
  artifactKey: Guid(98725846987b83d44987d59c480c6aa4) Importer(815301076,1909f56bfc062723c751e8b465ee728b)
Start importing Assets/PolygonTown/Materials/Misc/Mirror_Glass.mat using Guid(98725846987b83d44987d59c480c6aa4) Importer(815301076,1909f56bfc062723c751e8b465ee728b) [PhysX] Initialized MultithreadedTaskDispatcher with 24 workers.
[PhysX] Initialized MultithreadedTaskDispatcher with 24 workers.
 -> (artifact id: 'a69a73c13d908dcd41a6e99eac01a817') in 0.006994 seconds
Number of updated asset objects reloaded before import = 0
Number of asset objects unloaded after import = 3
========================================================================
Received Import Request.
  Time since last request: 0.000017 seconds.
  path: Assets/PolygonTown/Materials/Misc/PolygonTown_Road.mat
  artifactKey: Guid(3433cc3a39062ce4e9007a2c49514db4) Importer(815301076,1909f56bfc062723c751e8b465ee728b)
Start importing Assets/PolygonTown/Materials/Misc/PolygonTown_Road.mat using Guid(3433cc3a39062ce4e9007a2c49514db4) Importer(815301076,1909f56bfc062723c751e8b465ee728b) [PhysX] Initialized MultithreadedTaskDispatcher with 24 workers.
[PhysX] Initialized MultithreadedTaskDispatcher with 24 workers.
 -> (artifact id: '9dbdcb7d45963b81a2e9a405386eeb41') in 0.008102 seconds
Number of updated asset objects reloaded before import = 0
Number of asset objects unloaded after import = 4
========================================================================
Received Import Request.
  Time since last request: 0.000016 seconds.
  path: Assets/PolygonTown/Materials/Misc/PolygonTown_01_A_TEMP.mat
  artifactKey: Guid(90b40a9eb4f2e8a4ca68077789ba069b) Importer(815301076,1909f56bfc062723c751e8b465ee728b)
Start importing Assets/PolygonTown/Materials/Misc/PolygonTown_01_A_TEMP.mat using Guid(90b40a9eb4f2e8a4ca68077789ba069b) Importer(815301076,1909f56bfc062723c751e8b465ee728b) [PhysX] Initialized MultithreadedTaskDispatcher with 24 workers.
[PhysX] Initialized MultithreadedTaskDispatcher with 24 workers.
 -> (artifact id: 'd5edf989f56c4143915c67660a72bfe0') in 0.014123 seconds
Number of updated asset objects reloaded before import = 0
Number of asset objects unloaded after import = 5
========================================================================
Received Import Request.
  Time since last request: 0.000018 seconds.
  path: Assets/PolygonTown/Materials/Misc/Ground.mat
  artifactKey: Guid(0abcedae82ad13b49b256de7b8541398) Importer(815301076,1909f56bfc062723c751e8b465ee728b)
Start importing Assets/PolygonTown/Materials/Misc/Ground.mat using Guid(0abcedae82ad13b49b256de7b8541398) Importer(815301076,1909f56bfc062723c751e8b465ee728b) [PhysX] Initialized MultithreadedTaskDispatcher with 24 workers.
[PhysX] Initialized MultithreadedTaskDispatcher with 24 workers.
 -> (artifact id: 'aca6e74626d48fe480157b0f6bc93007') in 0.011794 seconds
Number of updated asset objects reloaded before import = 0
Number of asset objects unloaded after import = 2
========================================================================
Received Import Request.
  Time since last request: 0.000023 seconds.
  path: Assets/PolygonTown/Materials/Misc/Window_Glass.mat
  artifactKey: Guid(3c84a5e49d07c6f44afb39cfc297aac1) Importer(815301076,1909f56bfc062723c751e8b465ee728b)
Start importing Assets/PolygonTown/Materials/Misc/Window_Glass.mat using Guid(3c84a5e49d07c6f44afb39cfc297aac1) Importer(815301076,1909f56bfc062723c751e8b465ee728b) [PhysX] Initialized MultithreadedTaskDispatcher with 24 workers.
[PhysX] Initialized MultithreadedTaskDispatcher with 24 workers.
 -> (artifact id: 'e965ba99efaa83baa9f7adf284cb55c3') in 0.006004 seconds
Number of updated asset objects reloaded before import = 0
Number of asset objects unloaded after import = 2
========================================================================
Received Import Request.
  Time since last request: 0.000017 seconds.
  path: Assets/PolygonTown/Materials/Misc/TelevisionScreen.mat
  artifactKey: Guid(8eff857d740a5324da5dcd15b3197d3d) Importer(815301076,1909f56bfc062723c751e8b465ee728b)
Start importing Assets/PolygonTown/Materials/Misc/TelevisionScreen.mat using Guid(8eff857d740a5324da5dcd15b3197d3d) Importer(815301076,1909f56bfc062723c751e8b465ee728b) [PhysX] Initialized MultithreadedTaskDispatcher with 24 workers.
[PhysX] Initialized MultithreadedTaskDispatcher with 24 workers.
 -> (artifact id: 'fa0f943164049e5a1edee89c130528cf') in 0.007739 seconds
Number of updated asset objects reloaded before import = 0
Number of asset objects unloaded after import = 2
========================================================================
Received Import Request.
  Time since last request: 0.000017 seconds.
  path: Assets/PolygonTown/Materials/Misc/Veh_Glass.mat
  artifactKey: Guid(28d911d60eed0d64fb122f25adeed646) Importer(815301076,1909f56bfc062723c751e8b465ee728b)
Start importing Assets/PolygonTown/Materials/Misc/Veh_Glass.mat using Guid(28d911d60eed0d64fb122f25adeed646) Importer(815301076,1909f56bfc062723c751e8b465ee728b) [PhysX] Initialized MultithreadedTaskDispatcher with 24 workers.
[PhysX] Initialized MultithreadedTaskDispatcher with 24 workers.
 -> (artifact id: 'b9eee462bfd1d8d58eb92f4514be8c0d') in 0.006405 seconds
Number of updated asset objects reloaded before import = 0
Number of asset objects unloaded after import = 2
========================================================================
Received Import Request.
  Time since last request: 0.000026 seconds.
  path: Assets/PolygonTown/Materials/Misc/PolygonTown_01_A_Emissive.mat
  artifactKey: Guid(dfd1ba1b4a428cc4181ebb45dcaf2022) Importer(815301076,1909f56bfc062723c751e8b465ee728b)
Start importing Assets/PolygonTown/Materials/Misc/PolygonTown_01_A_Emissive.mat using Guid(dfd1ba1b4a428cc4181ebb45dcaf2022) Importer(815301076,1909f56bfc062723c751e8b465ee728b) [PhysX] Initialized MultithreadedTaskDispatcher with 24 workers.
[PhysX] Initialized MultithreadedTaskDispatcher with 24 workers.
 -> (artifact id: '1c6a708e6fdba2071dcfe7323a2f642c') in 0.016993 seconds
Number of updated asset objects reloaded before import = 0
Number of asset objects unloaded after import = 6
========================================================================
Received Import Request.
  Time since last request: 17.674313 seconds.
  path: Assets/PolygonTown/Materials/Alternates/PolygonTown_01_C.mat
  artifactKey: Guid(bab002177b386b747b6b5085ad792f80) Importer(815301076,1909f56bfc062723c751e8b465ee728b)
Start importing Assets/PolygonTown/Materials/Alternates/PolygonTown_01_C.mat using Guid(bab002177b386b747b6b5085ad792f80) Importer(815301076,1909f56bfc062723c751e8b465ee728b) [PhysX] Initialized MultithreadedTaskDispatcher with 24 workers.
[PhysX] Initialized MultithreadedTaskDispatcher with 24 workers.
 -> (artifact id: 'eb65af88e8b79a01b0770ab4323b857a') in 0.020319 seconds
Number of updated asset objects reloaded before import = 0
Number of asset objects unloaded after import = 5
========================================================================
Received Import Request.
  Time since last request: 0.000016 seconds.
  path: Assets/PolygonTown/Materials/Alternates/PolygonTown_04_C.mat
  artifactKey: Guid(7f78f6690b4971247836df99a22ede8d) Importer(815301076,1909f56bfc062723c751e8b465ee728b)
Start importing Assets/PolygonTown/Materials/Alternates/PolygonTown_04_C.mat using Guid(7f78f6690b4971247836df99a22ede8d) Importer(815301076,1909f56bfc062723c751e8b465ee728b) [PhysX] Initialized MultithreadedTaskDispatcher with 24 workers.
[PhysX] Initialized MultithreadedTaskDispatcher with 24 workers.
 -> (artifact id: '0f3ddb3da2818990445a3f2e8a2eba43') in 0.014365 seconds
Number of updated asset objects reloaded before import = 0
Number of asset objects unloaded after import = 5
========================================================================
Received Import Request.
  Time since last request: 0.000019 seconds.
  path: Assets/PolygonTown/Materials/Alternates/PolygonTown_03_B.mat
  artifactKey: Guid(f483cd15cfaea5d47b707c18e7c06174) Importer(815301076,1909f56bfc062723c751e8b465ee728b)
Start importing Assets/PolygonTown/Materials/Alternates/PolygonTown_03_B.mat using Guid(f483cd15cfaea5d47b707c18e7c06174) Importer(815301076,1909f56bfc062723c751e8b465ee728b) [PhysX] Initialized MultithreadedTaskDispatcher with 24 workers.
[PhysX] Initialized MultithreadedTaskDispatcher with 24 workers.
 -> (artifact id: 'ef619b505ae94a35b3705bd6ca9a4c0d') in 0.011274 seconds
Number of updated asset objects reloaded before import = 0
Number of asset objects unloaded after import = 5
========================================================================
Received Import Request.
  Time since last request: 0.000018 seconds.
  path: Assets/PolygonTown/Materials/Alternates/PolygonTown_03_C.mat
  artifactKey: Guid(1a832f41054861b428f328f5362b636f) Importer(815301076,1909f56bfc062723c751e8b465ee728b)
Start importing Assets/PolygonTown/Materials/Alternates/PolygonTown_03_C.mat using Guid(1a832f41054861b428f328f5362b636f) Importer(815301076,1909f56bfc062723c751e8b465ee728b) [PhysX] Initialized MultithreadedTaskDispatcher with 24 workers.
[PhysX] Initialized MultithreadedTaskDispatcher with 24 workers.
 -> (artifact id: '81eb507d76278bc868cb81b2136174df') in 0.012835 seconds
Number of updated asset objects reloaded before import = 0
Number of asset objects unloaded after import = 5
========================================================================
Received Import Request.
  Time since last request: 27.451388 seconds.
  path: Assets/PolygonTown/Prefabs/Environment/SM_Env_Bush_01.prefab
  artifactKey: Guid(08f2f2026c32bca4987f070e974fd111) Importer(815301076,1909f56bfc062723c751e8b465ee728b)
Start importing Assets/PolygonTown/Prefabs/Environment/SM_Env_Bush_01.prefab using Guid(08f2f2026c32bca4987f070e974fd111) Importer(815301076,1909f56bfc062723c751e8b465ee728b) [PhysX] Initialized MultithreadedTaskDispatcher with 24 workers.
[PhysX] Initialized MultithreadedTaskDispatcher with 24 workers.
 -> (artifact id: 'a482254bc3fe0faaa008d576a34b241d') in 0.025538 seconds
Number of updated asset objects reloaded before import = 0
Number of asset objects unloaded after import = 15
========================================================================
Received Import Request.
  Time since last request: 0.000018 seconds.
  path: Assets/PolygonTown/Prefabs/Environment/SM_Env_Fence_White_Gate_01.prefab
  artifactKey: Guid(011a41c7d94b1814e89ef29d3240e00f) Importer(815301076,1909f56bfc062723c751e8b465ee728b)
Start importing Assets/PolygonTown/Prefabs/Environment/SM_Env_Fence_White_Gate_01.prefab using Guid(011a41c7d94b1814e89ef29d3240e00f) Importer(815301076,1909f56bfc062723c751e8b465ee728b) [PhysX] Initialized MultithreadedTaskDispatcher with 24 workers.
[PhysX] Initialized MultithreadedTaskDispatcher with 24 workers.
 -> (artifact id: '7701f8edec166393d0d32bcc7ef9e9f5') in 0.020565 seconds
Number of updated asset objects reloaded before import = 0
Number of asset objects unloaded after import = 19
========================================================================
Received Import Request.
  Time since last request: 0.000016 seconds.
  path: Assets/PolygonTown/Prefabs/Environment/SM_Env_Driveway_PathLeft_01.prefab
  artifactKey: Guid(0ef94b99372f1c2468ddfa63440e79f7) Importer(815301076,1909f56bfc062723c751e8b465ee728b)
Start importing Assets/PolygonTown/Prefabs/Environment/SM_Env_Driveway_PathLeft_01.prefab using Guid(0ef94b99372f1c2468ddfa63440e79f7) Importer(815301076,1909f56bfc062723c751e8b465ee728b) [PhysX] Initialized MultithreadedTaskDispatcher with 24 workers.
[PhysX] Initialized MultithreadedTaskDispatcher with 24 workers.
 -> (artifact id: '30b9ec0c01cb3d419316d464712e3348') in 0.017166 seconds
Number of updated asset objects reloaded before import = 0
Number of asset objects unloaded after import = 14
========================================================================
Received Import Request.
  Time since last request: 0.000022 seconds.
  path: Assets/PolygonTown/Prefabs/Environment/SM_Env_Grass_Edge_02.prefab
  artifactKey: Guid(7ff7e6923d55d234a8fbc3eb8c5de581) Importer(815301076,1909f56bfc062723c751e8b465ee728b)
Start importing Assets/PolygonTown/Prefabs/Environment/SM_Env_Grass_Edge_02.prefab using Guid(7ff7e6923d55d234a8fbc3eb8c5de581) Importer(815301076,1909f56bfc062723c751e8b465ee728b) [PhysX] Initialized MultithreadedTaskDispatcher with 24 workers.
[PhysX] Initialized MultithreadedTaskDispatcher with 24 workers.
 -> (artifact id: 'cf255233ebe17b8860dd32393542d4a7') in 0.016243 seconds
Number of updated asset objects reloaded before import = 0
Number of asset objects unloaded after import = 13
========================================================================
Received Import Request.
  Time since last request: 0.000039 seconds.
  path: Assets/PolygonTown/Prefabs/Environment/SM_Env_FlowerPatch_03.prefab
  artifactKey: Guid(2e49fc3d15ba6e04ab402479272033c4) Importer(815301076,1909f56bfc062723c751e8b465ee728b)
Start importing Assets/PolygonTown/Prefabs/Environment/SM_Env_FlowerPatch_03.prefab using Guid(2e49fc3d15ba6e04ab402479272033c4) Importer(815301076,1909f56bfc062723c751e8b465ee728b) [PhysX] Initialized MultithreadedTaskDispatcher with 24 workers.
[PhysX] Initialized MultithreadedTaskDispatcher with 24 workers.
 -> (artifact id: '40049ef87d1dc4060052eb39c38326a4') in 0.014599 seconds
Number of updated asset objects reloaded before import = 0
Number of asset objects unloaded after import = 13
========================================================================
Received Import Request.
  Time since last request: 0.000024 seconds.
  path: Assets/PolygonTown/Prefabs/Environment/SM_Env_Gardenbox_Single_01.prefab
  artifactKey: Guid(9b1348552d66bd1438b9ddee5b470167) Importer(815301076,1909f56bfc062723c751e8b465ee728b)
Start importing Assets/PolygonTown/Prefabs/Environment/SM_Env_Gardenbox_Single_01.prefab using Guid(9b1348552d66bd1438b9ddee5b470167) Importer(815301076,1909f56bfc062723c751e8b465ee728b) [PhysX] Initialized MultithreadedTaskDispatcher with 24 workers.
[PhysX] Initialized MultithreadedTaskDispatcher with 24 workers.
 -> (artifact id: '0074964e29fd310300686d0568f91a62') in 0.019960 seconds
Number of updated asset objects reloaded before import = 0
Number of asset objects unloaded after import = 15
========================================================================
Received Import Request.
  Time since last request: 0.000019 seconds.
  path: Assets/PolygonTown/Prefabs/Environment/SM_Env_Grass_01.prefab
  artifactKey: Guid(5afed722cc07f0045bfb9c283f384e9c) Importer(815301076,1909f56bfc062723c751e8b465ee728b)
Start importing Assets/PolygonTown/Prefabs/Environment/SM_Env_Grass_01.prefab using Guid(5afed722cc07f0045bfb9c283f384e9c) Importer(815301076,1909f56bfc062723c751e8b465ee728b) [PhysX] Initialized MultithreadedTaskDispatcher with 24 workers.
[PhysX] Initialized MultithreadedTaskDispatcher with 24 workers.
 -> (artifact id: 'dde79e702ccea93abf6a1d3aebb96b51') in 0.039933 seconds
Number of updated asset objects reloaded before import = 0
Number of asset objects unloaded after import = 14
========================================================================
Received Import Request.
  Time since last request: 0.000016 seconds.
  path: Assets/PolygonTown/Prefabs/Environment/SM_Env_Hedge_03.prefab
  artifactKey: Guid(9a995bc05b4d0d247bd436edad63d2f0) Importer(815301076,1909f56bfc062723c751e8b465ee728b)
Start importing Assets/PolygonTown/Prefabs/Environment/SM_Env_Hedge_03.prefab using Guid(9a995bc05b4d0d247bd436edad63d2f0) Importer(815301076,1909f56bfc062723c751e8b465ee728b) [PhysX] Initialized MultithreadedTaskDispatcher with 24 workers.
[PhysX] Initialized MultithreadedTaskDispatcher with 24 workers.
 -> (artifact id: '80ec7e26faae08db2a9d546b162da7c1') in 0.015878 seconds
Number of updated asset objects reloaded before import = 0
Number of asset objects unloaded after import = 15
========================================================================
Received Import Request.
  Time since last request: 0.000019 seconds.
  path: Assets/PolygonTown/Prefabs/Environment/SM_Env_FlowerPatch_01.prefab
  artifactKey: Guid(c2ecf54db1567a04f95823d9f9a8a3d4) Importer(815301076,1909f56bfc062723c751e8b465ee728b)
Start importing Assets/PolygonTown/Prefabs/Environment/SM_Env_FlowerPatch_01.prefab using Guid(c2ecf54db1567a04f95823d9f9a8a3d4) Importer(815301076,1909f56bfc062723c751e8b465ee728b) [PhysX] Initialized MultithreadedTaskDispatcher with 24 workers.
[PhysX] Initialized MultithreadedTaskDispatcher with 24 workers.
 -> (artifact id: 'c01388a6c56c4b3a9686cbd322e68d94') in 0.013945 seconds
Number of updated asset objects reloaded before import = 0
Number of asset objects unloaded after import = 13
========================================================================
Received Import Request.
  Time since last request: 0.000019 seconds.
  path: Assets/PolygonTown/Prefabs/Environment/SM_Env_Bush_04.prefab
  artifactKey: Guid(116907b4f7d295f4fa7e1791ecabd34d) Importer(815301076,1909f56bfc062723c751e8b465ee728b)
Start importing Assets/PolygonTown/Prefabs/Environment/SM_Env_Bush_04.prefab using Guid(116907b4f7d295f4fa7e1791ecabd34d) Importer(815301076,1909f56bfc062723c751e8b465ee728b) [PhysX] Initialized MultithreadedTaskDispatcher with 24 workers.
[PhysX] Initialized MultithreadedTaskDispatcher with 24 workers.
 -> (artifact id: '56e31d9c02f3f95571bff91a0856a552') in 0.016388 seconds
Number of updated asset objects reloaded before import = 0
Number of asset objects unloaded after import = 15
========================================================================
Received Import Request.
  Time since last request: 0.000016 seconds.
  path: Assets/PolygonTown/Prefabs/Environment/SM_Env_Path_DoorLeft_02.prefab
  artifactKey: Guid(482db1f1d6647a549b23607ff1acb4b3) Importer(815301076,1909f56bfc062723c751e8b465ee728b)
Start importing Assets/PolygonTown/Prefabs/Environment/SM_Env_Path_DoorLeft_02.prefab using Guid(482db1f1d6647a549b23607ff1acb4b3) Importer(815301076,1909f56bfc062723c751e8b465ee728b) [PhysX] Initialized MultithreadedTaskDispatcher with 24 workers.
[PhysX] Initialized MultithreadedTaskDispatcher with 24 workers.
 -> (artifact id: 'd60accf6fbe33790bb3fca2af7f4e44c') in 0.013310 seconds
Number of updated asset objects reloaded before import = 0
Number of asset objects unloaded after import = 14
========================================================================
Received Import Request.
  Time since last request: 0.000019 seconds.
  path: Assets/PolygonTown/Prefabs/Environment/SM_Env_Driveway_Wide_PathBoth_01.prefab
  artifactKey: Guid(a38ed7e71bd95e649865b6f34f1d4147) Importer(815301076,1909f56bfc062723c751e8b465ee728b)
Start importing Assets/PolygonTown/Prefabs/Environment/SM_Env_Driveway_Wide_PathBoth_01.prefab using Guid(a38ed7e71bd95e649865b6f34f1d4147) Importer(815301076,1909f56bfc062723c751e8b465ee728b) [PhysX] Initialized MultithreadedTaskDispatcher with 24 workers.
[PhysX] Initialized MultithreadedTaskDispatcher with 24 workers.
 -> (artifact id: '2945c6bfb9656680bff316c735a8ab98') in 0.013461 seconds
Number of updated asset objects reloaded before import = 0
Number of asset objects unloaded after import = 14
========================================================================
Received Import Request.
  Time since last request: 0.000021 seconds.
  path: Assets/PolygonTown/Prefabs/Environment/SM_Env_Driveway_PathBoth_01.prefab
  artifactKey: Guid(85823e04518f9e847a744022f4e433a5) Importer(815301076,1909f56bfc062723c751e8b465ee728b)
Start importing Assets/PolygonTown/Prefabs/Environment/SM_Env_Driveway_PathBoth_01.prefab using Guid(85823e04518f9e847a744022f4e433a5) Importer(815301076,1909f56bfc062723c751e8b465ee728b) [PhysX] Initialized MultithreadedTaskDispatcher with 24 workers.
[PhysX] Initialized MultithreadedTaskDispatcher with 24 workers.
 -> (artifact id: 'f4708247e9bdc3f96b66bb3f78c81cb2') in 0.013588 seconds
Number of updated asset objects reloaded before import = 0
Number of asset objects unloaded after import = 14
========================================================================
Received Import Request.
  Time since last request: 0.000029 seconds.
  path: Assets/PolygonTown/Prefabs/Environment/SM_Env_Grass_Patch_04.prefab
  artifactKey: Guid(ae440d6ed09c27f47a5ea68a96bda5ea) Importer(815301076,1909f56bfc062723c751e8b465ee728b)
Start importing Assets/PolygonTown/Prefabs/Environment/SM_Env_Grass_Patch_04.prefab using Guid(ae440d6ed09c27f47a5ea68a96bda5ea) Importer(815301076,1909f56bfc062723c751e8b465ee728b) [PhysX] Initialized MultithreadedTaskDispatcher with 24 workers.
[PhysX] Initialized MultithreadedTaskDispatcher with 24 workers.
 -> (artifact id: '938aa29454784aad5105d8ff23826885') in 0.013225 seconds
Number of updated asset objects reloaded before import = 0
Number of asset objects unloaded after import = 13
========================================================================
Received Import Request.
  Time since last request: 3.463623 seconds.
  path: Assets/PolygonTown/Models/CollisionConvex/SM_Env_Tree_Pine_01_Convex 1.asset
  artifactKey: Guid(3e1a3f5d470ef4b46baff521115632e8) Importer(815301076,1909f56bfc062723c751e8b465ee728b)
Start importing Assets/PolygonTown/Models/CollisionConvex/SM_Env_Tree_Pine_01_Convex 1.asset using Guid(3e1a3f5d470ef4b46baff521115632e8) Importer(815301076,1909f56bfc062723c751e8b465ee728b) [PhysX] Initialized MultithreadedTaskDispatcher with 24 workers.
[PhysX] Initialized MultithreadedTaskDispatcher with 24 workers.
[PhysX] Initialized MultithreadedTaskDispatcher with 24 workers.
 -> (artifact id: '3641d4ee4e6ee74cb13ff74ab264a858') in 0.026436 seconds
Number of updated asset objects reloaded before import = 0
Number of asset objects unloaded after import = 3
========================================================================
Received Import Request.
  Time since last request: 0.000018 seconds.
  path: Assets/PolygonPrototype/Prefabs/Props/SM_Prop_Tree_Pine_02.prefab
  artifactKey: Guid(d5fadda3068c73c4188ca488912729dd) Importer(815301076,1909f56bfc062723c751e8b465ee728b)
Start importing Assets/PolygonPrototype/Prefabs/Props/SM_Prop_Tree_Pine_02.prefab using Guid(d5fadda3068c73c4188ca488912729dd) Importer(815301076,1909f56bfc062723c751e8b465ee728b) [PhysX] Initialized MultithreadedTaskDispatcher with 24 workers.
[PhysX] Initialized MultithreadedTaskDispatcher with 24 workers.
 -> (artifact id: '645b908c7a800fee29d78a04dc6a5afb') in 0.010685 seconds
Number of updated asset objects reloaded before import = 0
Number of asset objects unloaded after import = 11
========================================================================
Received Import Request.
  Time since last request: 0.000019 seconds.
  path: Assets/PolygonPrototype/Prefabs/Props/SM_Prop_Tree_Pine_01.prefab
  artifactKey: Guid(bc154b00e9c8e974b9e631f7c82352eb) Importer(815301076,1909f56bfc062723c751e8b465ee728b)
Start importing Assets/PolygonPrototype/Prefabs/Props/SM_Prop_Tree_Pine_01.prefab using Guid(bc154b00e9c8e974b9e631f7c82352eb) Importer(815301076,1909f56bfc062723c751e8b465ee728b) [PhysX] Initialized MultithreadedTaskDispatcher with 24 workers.
[PhysX] Initialized MultithreadedTaskDispatcher with 24 workers.
 -> (artifact id: 'f31a49ae8e7821d4e41dcaf067c2d01e') in 0.010087 seconds
Number of updated asset objects reloaded before import = 0
Number of asset objects unloaded after import = 11
========================================================================
Received Import Request.
  Time since last request: 348.610521 seconds.
  path: Assets/PolygonTown/Prefabs/Environment/SM_Env_Tree_Pine_02.prefab
  artifactKey: Guid(0c28acc836131a4499ca10f01de4b745) Importer(815301076,1909f56bfc062723c751e8b465ee728b)
Start importing Assets/PolygonTown/Prefabs/Environment/SM_Env_Tree_Pine_02.prefab using Guid(0c28acc836131a4499ca10f01de4b745) Importer(815301076,1909f56bfc062723c751e8b465ee728b) [PhysX] Initialized MultithreadedTaskDispatcher with 24 workers.
[PhysX] Initialized MultithreadedTaskDispatcher with 24 workers.
 -> (artifact id: '4add9a43560e8fe74dc9b3734ff5f389') in 0.693082 seconds
Number of updated asset objects reloaded before import = 0
Number of asset objects unloaded after import = 17
========================================================================
Received Import Request.
  Time since last request: 152.306706 seconds.
  path: Assets/NewLayer.terrainlayer
  artifactKey: Guid(fdc21a9ea68b4b44bb5c3a3610429e46) Importer(815301076,1909f56bfc062723c751e8b465ee728b)
Start importing Assets/NewLayer.terrainlayer using Guid(fdc21a9ea68b4b44bb5c3a3610429e46) Importer(815301076,1909f56bfc062723c751e8b465ee728b) [PhysX] Initialized MultithreadedTaskDispatcher with 24 workers.
 -> (artifact id: 'c05267a5dccf266ad5ea6f306fd6b52b') in 0.018670 seconds
Number of updated asset objects reloaded before import = 0
Number of asset objects unloaded after import = 2
========================================================================
Received Import Request.
  Time since last request: 565.077647 seconds.
  path: Assets/PolygonSciFiCity/Materials/Misc/FX_Blackhole.mat
  artifactKey: Guid(a5515c39754fbde43b94f0f536f96d1f) Importer(815301076,1909f56bfc062723c751e8b465ee728b)
Start importing Assets/PolygonSciFiCity/Materials/Misc/FX_Blackhole.mat using Guid(a5515c39754fbde43b94f0f536f96d1f) Importer(815301076,1909f56bfc062723c751e8b465ee728b) [PhysX] Initialized MultithreadedTaskDispatcher with 24 workers.
[PhysX] Initialized MultithreadedTaskDispatcher with 24 workers.
 -> (artifact id: 'da5a80c8fa279a7700d1f02b2402eb4e') in 0.010261 seconds
Number of updated asset objects reloaded before import = 0
Number of asset objects unloaded after import = 3
========================================================================
Received Import Request.
  Time since last request: 0.000020 seconds.
  path: Assets/PolygonSciFiCity/Materials/Misc/Road.mat
  artifactKey: Guid(e2a89766ae5b4a74fbe5769d9eb6d77a) Importer(815301076,1909f56bfc062723c751e8b465ee728b)
Start importing Assets/PolygonSciFiCity/Materials/Misc/Road.mat using Guid(e2a89766ae5b4a74fbe5769d9eb6d77a) Importer(815301076,1909f56bfc062723c751e8b465ee728b) [PhysX] Initialized MultithreadedTaskDispatcher with 24 workers.
[PhysX] Initialized MultithreadedTaskDispatcher with 24 workers.
 -> (artifact id: 'b02c4dec9cd9735df9b7c3e5fc921401') in 0.038623 seconds
Number of updated asset objects reloaded before import = 0
Number of asset objects unloaded after import = 6
========================================================================
Received Import Request.
  Time since last request: 0.000015 seconds.
  path: Assets/PolygonSciFiCity/Materials/Misc/PolygonScifi_NeonSigns.mat
  artifactKey: Guid(a7ac39c706d8eae4db78e4eda89d5ab3) Importer(815301076,1909f56bfc062723c751e8b465ee728b)
Start importing Assets/PolygonSciFiCity/Materials/Misc/PolygonScifi_NeonSigns.mat using Guid(a7ac39c706d8eae4db78e4eda89d5ab3) Importer(815301076,1909f56bfc062723c751e8b465ee728b) [PhysX] Initialized MultithreadedTaskDispatcher with 24 workers.
[PhysX] Initialized MultithreadedTaskDispatcher with 24 workers.
 -> (artifact id: '0241298e5e65f8a70d69de45088ebd03') in 0.041411 seconds
Number of updated asset objects reloaded before import = 0
Number of asset objects unloaded after import = 6
========================================================================
Received Import Request.
  Time since last request: 0.000014 seconds.
  path: Assets/PolygonSciFiCity/Materials/Misc/FX_Sphere.mat
  artifactKey: Guid(41e9749fbfcb2214f8ce3b9b2bdca971) Importer(815301076,1909f56bfc062723c751e8b465ee728b)
Start importing Assets/PolygonSciFiCity/Materials/Misc/FX_Sphere.mat using Guid(41e9749fbfcb2214f8ce3b9b2bdca971) Importer(815301076,1909f56bfc062723c751e8b465ee728b) [PhysX] Initialized MultithreadedTaskDispatcher with 24 workers.
[PhysX] Initialized MultithreadedTaskDispatcher with 24 workers.
 -> (artifact id: '99aae76d7826b0bcabc90a1af685481a') in 0.020602 seconds
Number of updated asset objects reloaded before import = 0
Number of asset objects unloaded after import = 6
========================================================================
Received Import Request.
  Time since last request: 0.000017 seconds.
  path: Assets/PolygonSciFiCity/Materials/Misc/PolygonSciFi_Billboards_Non_Emissive.mat
  artifactKey: Guid(2e709aec687010148bd7e116471c0d9e) Importer(815301076,1909f56bfc062723c751e8b465ee728b)
Start importing Assets/PolygonSciFiCity/Materials/Misc/PolygonSciFi_Billboards_Non_Emissive.mat using Guid(2e709aec687010148bd7e116471c0d9e) Importer(815301076,1909f56bfc062723c751e8b465ee728b) [PhysX] Initialized MultithreadedTaskDispatcher with 24 workers.
[PhysX] Initialized MultithreadedTaskDispatcher with 24 workers.
 -> (artifact id: '17e6caeeaa9e5d69e08064083a9a8df6') in 0.009632 seconds
Number of updated asset objects reloaded before import = 0
Number of asset objects unloaded after import = 3
========================================================================
Received Import Request.
  Time since last request: 0.000018 seconds.
  path: Assets/PolygonSciFiCity/Materials/Misc/Glass_01_Jar.mat
  artifactKey: Guid(2caa64181f9513e4f97224fd556f3006) Importer(815301076,1909f56bfc062723c751e8b465ee728b)
Start importing Assets/PolygonSciFiCity/Materials/Misc/Glass_01_Jar.mat using Guid(2caa64181f9513e4f97224fd556f3006) Importer(815301076,1909f56bfc062723c751e8b465ee728b) [PhysX] Initialized MultithreadedTaskDispatcher with 24 workers.
[PhysX] Initialized MultithreadedTaskDispatcher with 24 workers.
 -> (artifact id: 'dbe6c0d9349d0fe1d4581e5bd4eab8f5') in 0.033171 seconds
Number of updated asset objects reloaded before import = 0
Number of asset objects unloaded after import = 3
========================================================================
Received Import Request.
  Time since last request: 0.000025 seconds.
  path: Assets/PolygonSciFiCity/Materials/Misc/Steam_Mat.mat
  artifactKey: Guid(47e542428617fb845a4b882c2b0a699a) Importer(815301076,1909f56bfc062723c751e8b465ee728b)
Start importing Assets/PolygonSciFiCity/Materials/Misc/Steam_Mat.mat using Guid(47e542428617fb845a4b882c2b0a699a) Importer(815301076,1909f56bfc062723c751e8b465ee728b) [PhysX] Initialized MultithreadedTaskDispatcher with 24 workers.
[PhysX] Initialized MultithreadedTaskDispatcher with 24 workers.
 -> (artifact id: '5d09042f906b8ae4c0c42b59db96d8ae') in 0.018720 seconds
Number of updated asset objects reloaded before import = 0
Number of asset objects unloaded after import = 2
========================================================================
Received Import Request.
  Time since last request: 0.000027 seconds.
  path: Assets/PolygonSciFiCity/Materials/Misc/FX_Bullets_Laser.mat
  artifactKey: Guid(918cab7a2574d6c4ba7ae6171240559e) Importer(815301076,1909f56bfc062723c751e8b465ee728b)
Start importing Assets/PolygonSciFiCity/Materials/Misc/FX_Bullets_Laser.mat using Guid(918cab7a2574d6c4ba7ae6171240559e) Importer(815301076,1909f56bfc062723c751e8b465ee728b) [PhysX] Initialized MultithreadedTaskDispatcher with 24 workers.
[PhysX] Initialized MultithreadedTaskDispatcher with 24 workers.
 -> (artifact id: '73e06de96fc1f9bcd1c3d112a50a0785') in 0.015116 seconds
Number of updated asset objects reloaded before import = 0
Number of asset objects unloaded after import = 3
========================================================================
Received Import Request.
  Time since last request: 0.000016 seconds.
  path: Assets/PolygonSciFiCity/Materials/Misc/FX_SphereGlow.mat
  artifactKey: Guid(83bf344aa66f8704ab56cddca307d1cd) Importer(815301076,1909f56bfc062723c751e8b465ee728b)
Start importing Assets/PolygonSciFiCity/Materials/Misc/FX_SphereGlow.mat using Guid(83bf344aa66f8704ab56cddca307d1cd) Importer(815301076,1909f56bfc062723c751e8b465ee728b) [PhysX] Initialized MultithreadedTaskDispatcher with 24 workers.
[PhysX] Initialized MultithreadedTaskDispatcher with 24 workers.
 -> (artifact id: '8bce9526fc4fd25302f8c43784a40fc9') in 0.011099 seconds
Number of updated asset objects reloaded before import = 0
Number of asset objects unloaded after import = 3
========================================================================
Received Import Request.
  Time since last request: 0.000015 seconds.
  path: Assets/PolygonSciFiCity/Materials/Misc/SimpleSky.mat
  artifactKey: Guid(e68f77e240a7f8643b5cc4253dc37516) Importer(815301076,1909f56bfc062723c751e8b465ee728b)
Start importing Assets/PolygonSciFiCity/Materials/Misc/SimpleSky.mat using Guid(e68f77e240a7f8643b5cc4253dc37516) Importer(815301076,1909f56bfc062723c751e8b465ee728b) [PhysX] Initialized MultithreadedTaskDispatcher with 24 workers.
[PhysX] Initialized MultithreadedTaskDispatcher with 24 workers.
 -> (artifact id: 'd1686b55972967bf8f19c56eeb4e40df') in 0.020258 seconds
Number of updated asset objects reloaded before import = 0
Number of asset objects unloaded after import = 3
========================================================================
Received Import Request.
  Time since last request: 0.000018 seconds.
  path: Assets/PolygonSciFiCity/Materials/Misc/PolygonScifi_Hologram_Base.mat
  artifactKey: Guid(c963e5de356285c46a7cd4699624970b) Importer(815301076,1909f56bfc062723c751e8b465ee728b)
Start importing Assets/PolygonSciFiCity/Materials/Misc/PolygonScifi_Hologram_Base.mat using Guid(c963e5de356285c46a7cd4699624970b) Importer(815301076,1909f56bfc062723c751e8b465ee728b) [PhysX] Initialized MultithreadedTaskDispatcher with 24 workers.
[PhysX] Initialized MultithreadedTaskDispatcher with 24 workers.
 -> (artifact id: '2f1374687c8cb4836787fcc713da8050') in 0.043532 seconds
Number of updated asset objects reloaded before import = 0
Number of asset objects unloaded after import = 5
========================================================================
Received Import Request.
  Time since last request: 0.000019 seconds.
  path: Assets/PolygonSciFiCity/Materials/Misc/Planet_Material_02.mat
  artifactKey: Guid(cd8449355422c3d4f825d47e550f0dab) Importer(815301076,1909f56bfc062723c751e8b465ee728b)
Start importing Assets/PolygonSciFiCity/Materials/Misc/Planet_Material_02.mat using Guid(cd8449355422c3d4f825d47e550f0dab) Importer(815301076,1909f56bfc062723c751e8b465ee728b) [PhysX] Initialized MultithreadedTaskDispatcher with 24 workers.
[PhysX] Initialized MultithreadedTaskDispatcher with 24 workers.
 -> (artifact id: 'b0e3ab796a183dd8954c088cc94fcbc5') in 0.022589 seconds
Number of updated asset objects reloaded before import = 0
Number of asset objects unloaded after import = 3
========================================================================
Received Import Request.
  Time since last request: 0.000016 seconds.
  path: Assets/PolygonSciFiCity/Materials/Misc/PolygonSciFi_Buildings_Background 2.mat
  artifactKey: Guid(053c416ba85a9124a840416db9ce7765) Importer(815301076,1909f56bfc062723c751e8b465ee728b)
Start importing Assets/PolygonSciFiCity/Materials/Misc/PolygonSciFi_Buildings_Background 2.mat using Guid(053c416ba85a9124a840416db9ce7765) Importer(815301076,1909f56bfc062723c751e8b465ee728b) [PhysX] Initialized MultithreadedTaskDispatcher with 24 workers.
[PhysX] Initialized MultithreadedTaskDispatcher with 24 workers.
 -> (artifact id: 'b5edbafd3bf9b752429a00c683d521e7') in 0.017073 seconds
Number of updated asset objects reloaded before import = 0
Number of asset objects unloaded after import = 3
========================================================================
Received Import Request.
  Time since last request: 0.000017 seconds.
  path: Assets/PolygonSciFiCity/Materials/Misc/PolygonSciFi_Buildings_Background 1.mat
  artifactKey: Guid(32fa68add7ffe9441b6b6c1b4b9522b6) Importer(815301076,1909f56bfc062723c751e8b465ee728b)
Start importing Assets/PolygonSciFiCity/Materials/Misc/PolygonSciFi_Buildings_Background 1.mat using Guid(32fa68add7ffe9441b6b6c1b4b9522b6) Importer(815301076,1909f56bfc062723c751e8b465ee728b) [PhysX] Initialized MultithreadedTaskDispatcher with 24 workers.
[PhysX] Initialized MultithreadedTaskDispatcher with 24 workers.
 -> (artifact id: 'e709bef66e7154ffac96c46e0d305c6e') in 0.006472 seconds
Number of updated asset objects reloaded before import = 0
Number of asset objects unloaded after import = 3
========================================================================
Received Import Request.
  Time since last request: 0.000022 seconds.
  path: Assets/PolygonSciFiCity/Materials/Misc/FX_Mat_Blank.mat
  artifactKey: Guid(28a61d89cc047e04095d124cb957aabb) Importer(815301076,1909f56bfc062723c751e8b465ee728b)
Start importing Assets/PolygonSciFiCity/Materials/Misc/FX_Mat_Blank.mat using Guid(28a61d89cc047e04095d124cb957aabb) Importer(815301076,1909f56bfc062723c751e8b465ee728b) [PhysX] Initialized MultithreadedTaskDispatcher with 24 workers.
[PhysX] Initialized MultithreadedTaskDispatcher with 24 workers.
 -> (artifact id: '2c430226a04233499502aa482dec37b5') in 0.013283 seconds
Number of updated asset objects reloaded before import = 0
Number of asset objects unloaded after import = 2
========================================================================
Received Prepare
Caller must complete domain reload
Begin MonoManager ReloadAssembly
Symbol file LoadedFromMemory is not a mono symbol file
- Loaded All Assemblies, in  0.816 seconds
Native extension for WindowsStandalone target not found
[Package Manager] Server::EnsureServerProcessIsRunning -- launch failed, reason: Unity was launched with the -noUpm command-line argument
[Package Manager] UpmClient::Send -- Unable to send message (not connected to UPM process).
[Package Manager] Cannot connect to Unity Package Manager local server
Mono: successfully reloaded assembly
- Finished resetting the current domain, in  1.279 seconds
Domain Reload Profiling: 2090ms
	BeginReloadAssembly (211ms)
		ExecutionOrderSort (0ms)
		DisableScriptedObjects (13ms)
		BackupInstance (0ms)
		ReleaseScriptingObjects (0ms)
		CreateAndSetChildDomain (80ms)
	RebuildCommonClasses (30ms)
	RebuildNativeTypeToScriptingClass (11ms)
	initialDomainReloadingComplete (33ms)
	LoadAllAssembliesAndSetupDomain (524ms)
		LoadAssemblies (547ms)
		RebuildTransferFunctionScriptingTraits (0ms)
		AnalyzeDomain (55ms)
			TypeCache.Refresh (18ms)
				TypeCache.ScanAssembly (5ms)
			ScanForSourceGeneratedMonoScriptInfo (24ms)
			ResolveRequiredComponents (12ms)
	FinalizeReload (1280ms)
		ReleaseScriptCaches (0ms)
		RebuildScriptCaches (0ms)
		SetupLoadedEditorAssemblies (610ms)
			LogAssemblyErrors (0ms)
			InitializePlatformSupportModulesInManaged (6ms)
			SetLoadedEditorAssemblies (6ms)
			RefreshPlugins (0ms)
			BeforeProcessingInitializeOnLoad (92ms)
			ProcessInitializeOnLoadAttributes (330ms)
			ProcessInitializeOnLoadMethodAttributes (168ms)
			AfterProcessingInitializeOnLoad (7ms)
			EditorAssembliesLoaded (0ms)
		ExecutionOrderSort2 (0ms)
		AwakeInstancesAfterBackupRestoration (17ms)
Refreshing native plugins compatible for Editor in 9.34 ms, found 3 plugins.
Preloading 0 native plugins for Editor in 0.00 ms.
Unloading 6607 Unused Serialized files (Serialized files now loaded: 0)
Unloading 24 unused Assets / (388.2 KB). Loaded Objects now: 7360.
Memory consumption went from 233.5 MB to 233.1 MB.
Total: 7.004800 ms (FindLiveObjects: 0.452000 ms CreateObjectMapping: 0.157400 ms MarkObjects: 6.277500 ms  DeleteObjects: 0.116900 ms)

Prepare: number of updated asset objects reloaded= 0
AssetImportParameters requested are different than current active one (requested -> active):
  custom:scripting/monoscript/fileName/Spline.cs: cb4f9b4938e5a6032c22c6f0e71e0113 -> 635784417508bd0943d4862efb66bab4
  custom:container-demuxer-ogg: 62fdf1f143b41e24485cea50d1cbac27 -> 
  custom:scripting/monoscript/fileName/SplineTool.cs: 47ba0df7aeccc72ba880f66f2edc7f43 -> 
  custom:scripting/monoscript/fileName/SplineKnotIndex.cs: 9a40d3632f28d7b302f258d0973af1cb -> 
  custom:scripting/monoscript/fileName/SplinePath.cs: 53369979b1daec1a805ffc17c08cc65b -> 
  custom:scripting/monoscript/fileName/SplineDataHandleAttribute.cs: 4128929e9366b76b0be75f084affecb5 -> 
  custom:scripting/monoscript/fileName/ISplineProvider.cs: 1e943a23c9791b0bd22cd0693db1b21d -> 
  custom:scripting/monoscript/fileName/SplineExtrude.cs: f032e746385050d80d4fa454d18e32d1 -> 
  custom:scripting/monoscript/fileName/SplinePropertyDrawer.cs: fdac6b72abbe92e95d179ac7348c2453 -> 
  custom:scripting/monoscript/fileName/SplineIndexPropertyDrawer.cs: 93f9015c0268d8b5140904a197601701 -> 
  custom:scripting/monoscript/fileName/SplineGUIUtility.cs: f2d96f82bba27ef57d4bddea6fe51774 -> 
  custom:framework-win-MediaFoundation: 216162199b28c13a410421893ffa2e32 -> 
  custom:scripting/monoscript/fileName/SplineContainer.cs: b8ecc1a2f575342b3233da6b7eb139f0 -> 
  custom:scripting/monoscript/fileName/SplineSlice.cs: 90647cc400823b41df847a6cbfc29026 -> 
  custom:scripting/precompiled-assembly-types:Unity.Splines: f9e40b6ec3179b839a97a0ab395dcbf5 -> 
  custom:scripting/monoscript/fileName/TransformOperation.cs: 631eae51ca2ce34bf7763f34c11a5af3 -> 
  custom:scripting/monoscript/fileName/SelectionContext.cs: 2e8b8838bfe3ac838347ff9a74b944cb -> 
  custom:scripting/monoscript/fileName/SplineHandles.cs: 72bcd137cabd7cda4c88a46991596973 -> 
  custom:scripting/monoscript/fileName/SplineInstantiateEditor.cs: 10666692bad19b40f76a9ef3bb6a58ae -> 
  custom:scripting/monoscript/fileName/UserSettings.cs: f2f6e07d0ff2c4f74ff78dca7a736f53 -> 
  custom:scripting/monoscript/fileName/ISplineContainer.cs: 5493a14ab33b48b49ad1d05c3c0a2a0a -> 
  custom:scripting/monoscript/fileName/Separator.cs: 366d50430bd1c303346693ae3c8089a6 -> 
  custom:container-muxer-webm: aa71ff27fc2769a1b78a27578f13a17b -> 
  custom:scripting/monoscript/fileName/FileSettingsRepository.cs: 26dd9fac1ce03dccc58801e79f909037 -> 
  custom:video-decoder-webm-vp8: 9c59270c3fd7afecdb556c50c9e8de78 -> 
  custom:scripting/monoscript/fileName/KnotHandles.cs: 3d3bf0d75b842842ff670ccf0a1343ae -> 
  custom:scripting/monoscript/fileName/SplineHandleSettingsWindow.cs: 869faaa2aa6cb0f4bf2248e58be35d01 -> 
  custom:scripting/monoscript/fileName/Interpolators.cs: 8ce223f2a85cbece7ae58ceacdeecfc6 -> 
  custom:SearchIndexIgnoredProperties: e643bd26f0fe6173181afceb89e7c659 -> 
  custom:AudioImporter_EditorPlatform: d09bf68614088b80899f8185d706f6e7 -> 
  custom:scripting/monoscript/fileName/PathSettings.cs: da67e7bd285e3f10eb5af18c166eba5c -> 
  custom:scripting/monoscript/fileName/ProjectUserSettings.cs: 45b935268a6ef891e8577fe004b3f872 -> 
  custom:scripting/monoscript/fileName/CommonElementDrawer.cs: 94c3c4410a1add232dd8f17fea571d11 -> 
  custom:scripting/precompiled-assembly-types:Unity.Settings.Editor: beb7650f4acfb920369c4b53d5d1d8a0 -> 
  custom:scripting/monoscript/fileName/SplineMath.cs: 090e3aefc0ba4cabc47ffd47019707c7 -> 
  custom:scripting/monoscript/fileName/SerializedPropertyUtility.cs: c30be014c111ceaf2526cbe97d0ef88f -> 00b230383132877f7e3bf77713482b9d
  custom:scripting/monoscript/fileName/SplineDataPropertyDrawer.cs: 19a136281936d2d756e60ea53fc2bc6f -> 
  custom:scripting/monoscript/fileName/SplineAnimateEditor.cs: 8f5a6c44858eb1e304e33632f23b79b6 -> 
  custom:scripting/monoscript/fileName/NativeSpline.cs: 1ba267186b09fe1c5f16d72dc56198a0 -> 
  custom:scripting/monoscript/fileName/TangentModePropertyField.cs: 90647cc400823b41df847a6cbfc29026 -> 
  custom:scripting/monoscript/fileName/SplineModificationData.cs: e9418c3879c50baba607eeb44bdc6d19 -> 
  custom:scripting/monoscript/fileName/KnotPropertyDrawer.cs: 16ba20371784773d586e90542e1df51d -> 
  custom:scripting/monoscript/fileName/ValueWrapper.cs: 90647cc400823b41df847a6cbfc29026 -> 
  custom:scripting/monoscript/fileName/SplineScaleTool.cs: 4fc5b3a0983d82ea08ce487a32036ccb -> 
  custom:audio-decoder-ogg-vorbis: bf7c407c2cedff20999df2af8eb42d56 -> 
  custom:scripting/monoscript/fileName/SplineContainerEditor.cs: 868c2b682535f30c005e97b14f5f88ae -> 
  custom:scripting/monoscript/fileName/SplineComponentEditor.cs: dabd2ced837941d48983ea125af1936d -> 
  custom:scripting/monoscript/fileName/SplineReorderableList.cs: 9204d87a057ca414cf2d3a31bff9ed77 -> 
  custom:scripting/monoscript/fileName/SplineJobs.cs: dd63a5726c963aefae4fc0c7c15c1d99 -> 
  custom:scripting/monoscript/fileName/SplineDataHandles.cs: fba403a4092c796c2d2d5398e4f7f7e4 -> 
  custom:scripting/monoscript/fileName/SplineActionZone.cs: 0993f7312d09d1f8bb29e9e246467039 -> 
  custom:scripting/monoscript/fileName/SplineInfo.cs: edea2d63685ffa25f40cd986216b1b3a -> 
  custom:scripting/monoscript/fileName/BezierCurve.cs: 69324786c2104dd36e72b5106af9348a -> 
  custom:scripting/monoscript/fileName/EditorSplineGizmos.cs: 75a8fe76b4feb324641ecad539b467d7 -> 
  custom:scripting/monoscript/fileName/KnotPlacementTool.cs: 0e9275a8043d324c9ab5d25d5b6baf72 -> 
  custom:scripting/monoscript/fileName/SplineRotateTool.cs: 5cbd05547a7681f42bd9b5407b5e0725 -> 
  custom:audio-encoder-webm-vorbis: bf7c407c2cedff20999df2af8eb42d56 -> 
  custom:scripting/monoscript/fileName/SplineDataDictionary.cs: 0cdf409b5aa8d4c25876d72b5c6a3b60 -> 
  custom:scripting/monoscript/fileName/Settings.cs: ea9d1b04d3864b3b689bed16ba2743db -> 
  custom:scripting/monoscript/fileName/Float3PropertyField.cs: 90647cc400823b41df847a6cbfc29026 -> 
  custom:scripting/monoscript/fileName/Attributes.cs: 9d3861389974f0823e7e341aa6c23dae -> 
  custom:scripting/monoscript/fileName/UserSetting.cs: 9a8b723fb560f0e7a90b73c9a63a7958 -> 
  custom:scripting/monoscript/fileName/SplineExtrudeUtility.cs: 455d412addf7c5d56ffde93ca840c43e -> 
  custom:scripting/monoscript/fileName/SplineRange.cs: 22d408e4de9e92ff2ea181f5847144bf -> 
  custom:scripting/monoscript/fileName/SplineElementRectSelector.cs: 93c22dec791982ffd0838387cdc0f8f6 -> 
  custom:scripting/monoscript/fileName/SettingsGUILayout.cs: 1bf4073b7b90c06a4199be7cdd2735ca -> 
  custom:scripting/monoscript/fileName/PropertyAttributes.cs: de759a0b72388905250b493a81980d94 -> f9be6ff8022c2b7e9364b782f234d192
  custom:scripting/monoscript/fileName/SplineUtility.cs: 5a56d701294c53a122f4f6d5ec0e5c29 -> 
  custom:scripting/monoscript/fileName/KnotReorderableList.cs: 4fac017231682dc7adc505165f449702 -> 
  custom:scripting/monoscript/fileName/DataPoint.cs: 4cad2d3c1ece8fc365d0555465b1961f -> 
  custom:scripting/monoscript/fileName/SplineHandleSettingsDropdown.cs: 31a4628b81862b5dbad7602a10161d99 -> 
  custom:scripting/monoscript/fileName/SplineType.cs: ba9e45355bcf577c3bbd4263798082fd -> 
  custom:scripting/monoscript/fileName/UserSettingsRepository.cs: ae597ef6d1f82569d0712c7aa6402b32 -> 
  custom:scripting/monoscript/fileName/TangentHandles.cs: 9f202d5c4b3a2eca704dd44d3af0860a -> 
  custom:scripting/monoscript/fileName/TangentDrawer.cs: cf8696b8c126ca2f95f4ae72a9a07267 -> 
  custom:video-decoder-ogg-theora: a1e56fd34408186e4bbccfd4996cb3dc -> 
  custom:scripting/monoscript/fileName/SplineMenu.cs: 845e32854e31dfef0e274800ec302aa0 -> 
  custom:scripting/monoscript/fileName/PathIcons.cs: 493e822337ec33d77af7f150fba7f344 -> 
  custom:scripting/monoscript/fileName/DirectManipulation.cs: 3af6e5221c2acfb124bb98e192637b98 -> 
  custom:scripting/monoscript/fileName/EmbeddedSplineData.cs: 1455580152760a37c41c7b4078a9fcfe -> 
  custom:scripting/monoscript/fileName/SplineFactory.cs: 27de07ef4c2fb219d34cfb71db94b633 -> 
  custom:scripting/monoscript/fileName/SplineSelectionUtility.cs: d15f0aebd792e21c2305da367bc68a4e -> 
  custom:scripting/monoscript/fileName/ISpline.cs: 430260c6fd773a589311a954f660ceaa -> 
  custom:scripting/monoscript/fileName/CopyPaste.cs: e236a30064be7a4005db16c1b128495a -> 
  custom:scripting/monoscript/fileName/SplineCacheUtility.cs: bf68717557258a16663a2e915c91b6f9 -> 
  custom:scripting/monoscript/fileName/KnotPlacementData.cs: e230ac03464dccb1245adc376543b798 -> 
  custom:CustomObjectIndexerAttribute: 72b91833f83ae208fae7752999fa3104 -> 
  custom:scripting/monoscript/fileName/SplineHandleSettings.cs: d6a01126553dfd50f46987a8ddd829ab -> 
  custom:scripting/monoscript/fileName/BezierTangentPropertyField.cs: 90647cc400823b41df847a6cbfc29026 -> 
  custom:scripting/monoscript/fileName/BezierKnotDrawer.cs: 500d18e0241c7a409dbd5f008973df9f -> 
  custom:scripting/monoscript/fileName/InterpolatorsUtility.cs: 6f4dae8370d1ad9c4da2193025b76b01 -> 
  custom:scripting/monoscript/fileName/SplineMeshHandle.cs: 0cdf409b5aa8d4c25876d72b5c6a3b60 -> 
  custom:scripting/monoscript/fileName/SplineInstantiate.cs: 615e534879114f90ed203f44f811c8f3 -> 
  custom:container-demuxer-webm: 4f35f7cbe854078d1ac9338744f61a02 -> 
  custom:scripting/monoscript/fileName/TangentPropertyField.cs: a21abbbe5209379207f155a26dc6029e -> 
  custom:scripting/monoscript/fileName/ArrayUtility.cs: 3088d9818e238793f00ab0fdaa405718 -> 
  custom:scripting/monoscript/fileName/SplineDataHandle.cs: 8de38f6ab59eb821951cc5fedb2f2799 -> 
  custom:scripting/monoscript/fileName/EditorSplineUtility.cs: 4c925e600083d36b078f51a7f1c541cb -> 
  custom:scripting/monoscript/fileName/SplineInspectorOverlay.cs: 2d259fca05cbdabc70a0de86c8e6f3be -> 
  custom:scripting/monoscript/fileName/SplineDataConversionWindow.cs: 7a02d67d9e51e58e04236711309af7b5 -> 
  custom:scripting/monoscript/fileName/SplineInfoPropertyDrawer.cs: 255f3c0d9dcd72176ffa782987302ada -> 
  custom:scripting/monoscript/fileName/SplineSelection.cs: 496f087aa0458280a9ef9fb4efc71862 -> 
  custom:scripting/monoscript/fileName/RamerDouglasPeucker.cs: 0cdf409b5aa8d4c25876d72b5c6a3b60 -> 
  custom:scripting/monoscript/fileName/PackageSettingsRepository.cs: 3d7ef57a71ca69fa31cb043698cb6983 -> 
  custom:scripting/monoscript/fileName/SplineElement.cs: f47346400918c38e243894aa0ae78add -> 
  custom:scripting/monoscript/fileName/SplineGizmoUtility.cs: 4bd0c10090d95d8ee942862bc4f8018c -> 
  custom:scripting/monoscript/fileName/SplineExtrudeEditor.cs: 97d2df9faaf727a205caea683249927f -> 
  custom:scripting/monoscript/fileName/ISettingsRepository.cs: c644889b75049794adfff59de4a57ec6 -> 
  custom:scripting/monoscript/fileName/ElementDrawer.cs: 084584c6f80cb91222c0d6c7107f470d -> 
  custom:scripting/monoscript/fileName/SplineToolContext.cs: 8d3805c41ed50ba0bc801f8a34e18c69 -> 
  custom:scripting/monoscript/fileName/UserSettingsProvider.cs: cf93c9e7f0242ada7160bbcb19be7d9f -> 
  custom:scripting/monoscript/fileName/ElementInspector.cs: 502721066b4ba9a0c3a2983db83fd2e9 -> 
  custom:scripting/monoscript/fileName/MathUtility.cs: ebc152632a9f257b68607376f90b1f9d -> 
  custom:scripting/monoscript/fileName/SplineMoveTool.cs: eceb5e8b3ecd123003cbdf2880a832ce -> 
  custom:scripting/monoscript/fileName/SplineHandleUtility.cs: 3d10bd65261fb1bc61d3f5a52580ea1b -> 
  custom:scripting/monoscript/fileName/KnotLinkCollection.cs: 64343ebecea77051c9e990af7bace8a8 -> 
  custom:scripting/monoscript/fileName/SplineAnimate.cs: 9d1e11bccdcd78ce4442eb4b48db6007 -> 
  custom:scripting/monoscript/fileName/HandleRotationDropdown.cs: 49986f1e1b938db1b4390d2163b3ec6e -> 
  custom:scripting/monoscript/fileName/SplineDataReorderableListUtility.cs: b46d23cd8db7303c9cc7641b1a4199b6 -> 
  custom:scripting/monoscript/fileName/SplineDataDictionaryPropertyDrawer.cs: ac7594030b8a2f3d2458d27def9d1f60 -> 
  custom:scripting/monoscript/fileName/DefaultKnotTypeDropdown.cs: dc4ad43ec6ba27394b2426158ac95cd6 -> 
  custom:video-encoder-webm-vp8: eb34c28f22e8b96e1ab97ce403110664 -> 
  custom:scripting/monoscript/fileName/SplineGUI.cs: 33954865f1f1c134c54bd6f6f205a318 -> 
  custom:scripting/monoscript/fileName/SplineShaderUtility.cs: 90647cc400823b41df847a6cbfc29026 -> 
  custom:scripting/monoscript/fileName/BezierKnot.cs: 8207e0c17dc7489f66f45c83176ae727 -> 
  custom:scripting/monoscript/fileName/CurveUtility.cs: 89520e2d69340fc89901dc80e2411618 -> 
  custom:scripting/precompiled-assembly-types:Unity.Splines.Editor: 489d0ef8776759b8a29602079222ed66 -> 
  custom:scripting/monoscript/fileName/SettingsDictionary.cs: deb5cd076ff61db1f023cc41ad83ead7 -> 
  custom:scripting/monoscript/fileName/SplineData.cs: 41b07aaae3e5551c94d08d63750c8446 -> 
  custom:scripting/monoscript/fileName/SplineComponent.cs: 0c279a8bcf3d542a58161328eeeb7949 -> 
  custom:scripting/monoscript/fileName/CurveHandles.cs: 5ba191a70c76b6a7d16ce1c1240d3f84 -> 
  custom:scripting/monoscript/fileName/SplineMesh.cs: 89c5b54838145c90d33424e5b17a1cf3 -> 
  custom:scripting/monoscript/fileName/EmbeddedSplineDataPropertyDrawer.cs: cb4a1b3bd86d9baf6bde3437d125d8b1 -> 
  custom:scripting/monoscript/fileName/ReadOnlyField.cs: 2036a002e2607312b5f467f37cd5c03d -> 
========================================================================
Received Import Request.
  Time since last request: 61.558817 seconds.
  path: Assets/PolygonSciFiCity/Textures/PolygonScifi_Emissive_01.png
  artifactKey: Guid(f31e15c1060870d4196e7875363cbb5d) Importer(815301076,1909f56bfc062723c751e8b465ee728b)
Start importing Assets/PolygonSciFiCity/Textures/PolygonScifi_Emissive_01.png using Guid(f31e15c1060870d4196e7875363cbb5d) Importer(815301076,1909f56bfc062723c751e8b465ee728b) [PhysX] Initialized MultithreadedTaskDispatcher with 24 workers.
[PhysX] Initialized MultithreadedTaskDispatcher with 24 workers.
 -> (artifact id: '77282e46f2202987ce357dde14596dd7') in 0.070958 seconds
Number of updated asset objects reloaded before import = 0
Number of asset objects unloaded after import = 2
========================================================================
Received Import Request.
  Time since last request: 18.115548 seconds.
  path: Assets/PolygonSciFiCity/Materials/Alternates/PolygonScifi_01_C.mat
  artifactKey: Guid(55c0cd122e2ec5d4eb6df00a2966824b) Importer(815301076,1909f56bfc062723c751e8b465ee728b)
Start importing Assets/PolygonSciFiCity/Materials/Alternates/PolygonScifi_01_C.mat using Guid(55c0cd122e2ec5d4eb6df00a2966824b) Importer(815301076,1909f56bfc062723c751e8b465ee728b) [PhysX] Initialized MultithreadedTaskDispatcher with 24 workers.
[PhysX] Initialized MultithreadedTaskDispatcher with 24 workers.
 -> (artifact id: '361a7251e9eb5b65a07098f0beb4ce55') in 0.246353 seconds
Number of updated asset objects reloaded before import = 0
Number of asset objects unloaded after import = 23
========================================================================
Received Import Request.
  Time since last request: 0.000021 seconds.
  path: Assets/PolygonSciFiCity/Materials/Alternates/PolygonScifi_03_B.mat
  artifactKey: Guid(eb43ccf57eac0174194f68627fecf001) Importer(815301076,1909f56bfc062723c751e8b465ee728b)
Start importing Assets/PolygonSciFiCity/Materials/Alternates/PolygonScifi_03_B.mat using Guid(eb43ccf57eac0174194f68627fecf001) Importer(815301076,1909f56bfc062723c751e8b465ee728b) [PhysX] Initialized MultithreadedTaskDispatcher with 24 workers.
[PhysX] Initialized MultithreadedTaskDispatcher with 24 workers.
 -> (artifact id: '997b9158bfa005a91ba1bb4df061b45c') in 0.034643 seconds
Number of updated asset objects reloaded before import = 0
Number of asset objects unloaded after import = 5
========================================================================
Received Import Request.
  Time since last request: 0.000027 seconds.
  path: Assets/PolygonSciFiCity/Materials/Alternates/PolygonScifi_03_F.mat
  artifactKey: Guid(86c886b27b55b4c4aaece649eea0a079) Importer(815301076,1909f56bfc062723c751e8b465ee728b)
Start importing Assets/PolygonSciFiCity/Materials/Alternates/PolygonScifi_03_F.mat using Guid(86c886b27b55b4c4aaece649eea0a079) Importer(815301076,1909f56bfc062723c751e8b465ee728b) [PhysX] Initialized MultithreadedTaskDispatcher with 24 workers.
[PhysX] Initialized MultithreadedTaskDispatcher with 24 workers.
 -> (artifact id: 'aa20c568030361abf1e4f719b4cf2dab') in 0.032207 seconds
Number of updated asset objects reloaded before import = 0
Number of asset objects unloaded after import = 5
========================================================================
Received Import Request.
  Time since last request: 0.000020 seconds.
  path: Assets/PolygonSciFiCity/Materials/Alternates/PolygonScifi_03_E.mat
  artifactKey: Guid(1b701687f546d7a48924043a4de4f2bf) Importer(815301076,1909f56bfc062723c751e8b465ee728b)
Start importing Assets/PolygonSciFiCity/Materials/Alternates/PolygonScifi_03_E.mat using Guid(1b701687f546d7a48924043a4de4f2bf) Importer(815301076,1909f56bfc062723c751e8b465ee728b) [PhysX] Initialized MultithreadedTaskDispatcher with 24 workers.
[PhysX] Initialized MultithreadedTaskDispatcher with 24 workers.
 -> (artifact id: 'a66aadbde224528c8654ea4c6966a389') in 0.032758 seconds
Number of updated asset objects reloaded before import = 0
Number of asset objects unloaded after import = 5
========================================================================
Received Import Request.
  Time since last request: 0.000018 seconds.
  path: Assets/PolygonSciFiCity/Materials/Alternates/PolygonScifi_02_F.mat
  artifactKey: Guid(225e7340f239c124c9bfac44ef8dbda2) Importer(815301076,1909f56bfc062723c751e8b465ee728b)
Start importing Assets/PolygonSciFiCity/Materials/Alternates/PolygonScifi_02_F.mat using Guid(225e7340f239c124c9bfac44ef8dbda2) Importer(815301076,1909f56bfc062723c751e8b465ee728b) [PhysX] Initialized MultithreadedTaskDispatcher with 24 workers.
[PhysX] Initialized MultithreadedTaskDispatcher with 24 workers.
 -> (artifact id: 'b5c83581f1890c5fd5865bf7c553b86b') in 0.036862 seconds
Number of updated asset objects reloaded before import = 0
Number of asset objects unloaded after import = 5
========================================================================
Received Import Request.
  Time since last request: 0.000020 seconds.
  path: Assets/PolygonSciFiCity/Materials/Alternates/PolygonScifi_04_D.mat
  artifactKey: Guid(e43e0848fad28db439d9411118a7fc32) Importer(815301076,1909f56bfc062723c751e8b465ee728b)
Start importing Assets/PolygonSciFiCity/Materials/Alternates/PolygonScifi_04_D.mat using Guid(e43e0848fad28db439d9411118a7fc32) Importer(815301076,1909f56bfc062723c751e8b465ee728b) [PhysX] Initialized MultithreadedTaskDispatcher with 24 workers.
[PhysX] Initialized MultithreadedTaskDispatcher with 24 workers.
 -> (artifact id: 'e82fe92b025bcd0deaa457bef12b6639') in 0.032584 seconds
Number of updated asset objects reloaded before import = 0
Number of asset objects unloaded after import = 5
Editor requested this worker to shutdown with reason: Scaling down because of idle timeout
TcpMessagingSession - receive error: operation aborted. errorcode: 995, details: La operacin de E/S se anul por una salida de subproceso o por una solicitud de aplicacin.
AssetImportWorker is now disconnected from the server
Process exiting
Exiting without the bug reporter. Application will terminate with return code 0